<?xml version="1.0" encoding="UTF-8"?>
<!-- Generated by org.testng.reporters.JUnitXMLReporter -->
<testsuite ignored="3" hostname="DESKTOP-QQJINFP" failures="0" tests="2" name="Test" time="32.25" errors="0" timestamp="2025-10-13T08:38:32 ART">
  <testcase classname="edit.EducacionIT_78339.PracticaM2Test" name="registrarUsuario" time="23.72"/>
  <testcase classname="edit.EducacionIT_78339.PracticaM1Test" name="buscarProductoEnEdge" time="8.46"/>
  <testcase classname="edit.EducacionIT_78339.PracticaM1Test" name="buscarProductoEnBrave" time="0.0">
    <ignored/>
  </testcase> <!-- buscarProductoEnBrave -->
  <testcase classname="edit.EducacionIT_78339.PracticaM1Test" name="buscarProductoEnFirefox" time="0.0">
    <ignored/>
  </testcase> <!-- buscarProductoEnFirefox -->
  <testcase classname="edit.EducacionIT_78339.PracticaM1Test" name="buscarProductoEnChrome" time="0.0">
    <ignored/>
  </testcase> <!-- buscarProductoEnChrome -->
</testsuite> <!-- Test -->
