<?xml version="1.0" encoding="UTF-8"?>
<testng-results ignored="0" total="1" passed="1" failed="0" skipped="0">
  <reporter-output>
  </reporter-output>
  <suite started-at="2025-11-03T09:02:41 ART" name="Default suite" finished-at="2025-11-03T09:02:42 ART" duration-ms="556">
    <groups>
    </groups>
    <test started-at="2025-11-03T09:02:41 ART" name="Default test" finished-at="2025-11-03T09:02:42 ART" duration-ms="556">
      <class name="edit.EducacionIT_78339.AccesoABaseDeDatosTest">
        <test-method signature="testBaseDeDatos()[pri:0, instance:edit.EducacionIT_78339.AccesoABaseDeDatosTest@7161d8d1]" started-at="2025-11-03T09:02:41 ART" name="testBaseDeDatos" finished-at="2025-11-03T09:02:42 ART" duration-ms="517" status="PASS">
          <reporter-output>
          </reporter-output>
        </test-method> <!-- testBaseDeDatos -->
      </class> <!-- edit.EducacionIT_78339.AccesoABaseDeDatosTest -->
    </test> <!-- Default test -->
  </suite> <!-- Default suite -->
</testng-results>
