<?xml version="1.0" encoding="UTF-8"?>
<!-- Generated by org.testng.reporters.JUnitReportReporter -->
<testsuite hostname="DESKTOP-QQJINFP" failures="0" tests="3" name="edit.EducacionIT_78339.PracticaM4Test" time="0.367" errors="0" timestamp="2025-10-15T09:53:57 ART" skipped="0">
  <testcase classname="edit.EducacionIT_78339.PracticaM4Test" name="buscarProducto" time="0.125"/>
  <testcase classname="edit.EducacionIT_78339.PracticaM4Test" name="buscarProducto" time="0.122"/>
  <testcase classname="edit.EducacionIT_78339.PracticaM4Test" name="buscarProducto" time="0.120"/>
</testsuite> <!-- edit.EducacionIT_78339.PracticaM4Test -->
